Log file open, 01/13/18 14:06:05
LogInit:Display: Running engine for game: WallDefender
LogPlatformFile: Not using cached read wrapper
LogInit:Display: RandInit(1778388635) SRandInit(1778388635).
LogTaskGraph: Started task graph with 5 named threads and 8 total threads with 1 sets of task threads.
LogStats: Stats thread started at 0.063569
LogInit: Using libcurl 7.47.1
LogInit:  - built for x86_64-pc-win32
LogInit:  - supports SSL with OpenSSL/1.0.2g
LogInit:  - supports HTTP deflate (compression) using libz 1.2.8
LogInit:  - other features:
LogInit:      CURL_VERSION_SSL
LogInit:      CURL_VERSION_LIBZ
LogInit:      CURL_VERSION_IPV6
LogInit:      CURL_VERSION_ASYNCHDNS
LogInit:      CURL_VERSION_LARGEFILE
LogInit:      CURL_VERSION_IDN
LogInit:  CurlRequestOptions (configurable via config and command line):
LogInit:  - bVerifyPeer = false  - Libcurl will NOT verify peer certificate
LogInit:  - bUseHttpProxy = false  - Libcurl will NOT use HTTP proxy
LogInit:  - bDontReuseConnections = false  - Libcurl will reuse connections
LogInit:  - CertBundlePath = nullptr  - Libcurl will use whatever was configured at build time.
LogInit: Build: ++UE4+Release-4.15-CL-3450819
LogInit: Engine Version: 4.15.3-3450819+++UE4+Release-4.15
LogInit: Compatible Engine Version: 4.15.0-3299760+++UE4+Release-4.15
LogInit: Net CL: 3299760
LogDevObjectVersion: Number of dev versions registered: 14
LogDevObjectVersion:   Dev-Blueprints (B0D832E4-1F89-4F0D-ACCF-7EB736FD4AA2): 8
LogDevObjectVersion:   Dev-Build (E1C64328-A22C-4D53-A36C-8E866417BD8C): 0
LogDevObjectVersion:   Dev-Core (375EC13C-06E4-48FB-B500-84F0262A717E): 2
LogDevObjectVersion:   Dev-Editor (E4B068ED-F494-42E9-A231-DA0B2E46BB41): 14
LogDevObjectVersion:   Dev-Framework (CFFC743F-43B0-4480-9391-14DF171D2073): 22
LogDevObjectVersion:   Dev-Mobile (B02B49B5-BB20-44E9-A304-32B752E40360): 0
LogDevObjectVersion:   Dev-Networking (A4E4105C-59A1-49B5-A7C5-40C4547EDFEE): 0
LogDevObjectVersion:   Dev-Online (39C831C9-5AE6-47DC-9A44-9C173E1C8E7C): 0
LogDevObjectVersion:   Dev-Physics (78F01B33-EBEA-4F98-B9B4-84EACCB95AA2): 0
LogDevObjectVersion:   Dev-Platform (6631380F-2D4D-43E0-8009-CF276956A95A): 0
LogDevObjectVersion:   Dev-Rendering (12F88B9F-8875-4AFC-A67C-D90C383ABD29): 12
LogDevObjectVersion:   Dev-Sequencer (7B5AE74C-D270-4C10-A958-57980B212A5A): 3
LogDevObjectVersion:   Dev-VR (D7296918-1DD6-4BDD-9DE2-64A83CC13884): 0
LogDevObjectVersion:   Dev-LoadTimes (C2A15278-BFE7-4AFE-6C17-90FF531DF755): 1
LogInit: Compiled (64-bit): May 21 2017 11:02:34
LogInit: Compiled with Visual C++: 19.00.23026.00
LogInit: Build Configuration: Development
LogInit: Branch Name: ++UE4+Release-4.15
LogInit: Command line: -EpicPortal 
LogInit: Base directory: D:/Program Files/UE_4.15/Engine/Binaries/Win64/
LogInit: Installed Engine Build: 1
LogInit: Presizing for max 8388607 objects, including 0 objects not considered by GC, pre-allocating 0 bytes for permanent pool.
LogInit: Object subsystem initialized
[2018.01.13-19.06.05:926][  0]LogInit: Selected Device Profile: [Windows]
[2018.01.13-19.06.05:926][  0]LogInit: Applying CVar settings loaded from the selected device profile: [Windows]
[2018.01.13-19.06.05:933][  0]LogInit: Computer: DESKTOP-7JPA9PT
[2018.01.13-19.06.05:933][  0]LogInit: User: Lopez
[2018.01.13-19.06.05:933][  0]LogInit: CPU Page size=65536, Cores=4
[2018.01.13-19.06.05:933][  0]LogInit: High frequency timer resolution =4.101558 MHz
[2018.01.13-19.06.05:933][  0]LogMemory: Memory total: Physical=15.9GB (16GB approx)
[2018.01.13-19.06.05:933][  0]LogMemory: Platform Memory Stats for Windows
[2018.01.13-19.06.05:933][  0]LogMemory: Process Physical Memory: 263.79 MB used, 263.79 MB peak
[2018.01.13-19.06.05:933][  0]LogMemory: Process Virtual Memory: 262.63 MB used, 262.63 MB peak
[2018.01.13-19.06.05:933][  0]LogMemory: Physical Memory: 5847.48 MB used,  10475.25 MB free, 16322.73 MB total
[2018.01.13-19.06.05:933][  0]LogMemory: Virtual Memory: 683.25 MB used,  10475.25 MB free, 134217728.00 MB total
[2018.01.13-19.06.06:255][  0]LogTextLocalizationManager: No specific translations for ('en-US') exist, so ('en') translations will be used.
[2018.01.13-19.06.06:670][  0]LogD3D11RHI: D3D11 adapters:
[2018.01.13-19.06.06:709][  0]LogD3D11RHI:    0. 'NVIDIA GeForce GTX 1060 6GB' (Feature Level 11_0)
[2018.01.13-19.06.06:709][  0]LogD3D11RHI:       6061/0/8161 MB DedicatedVideo/DedicatedSystem/SharedSystem, Outputs:1, VendorId:0x10de
[2018.01.13-19.06.06:711][  0]LogD3D11RHI:    1. 'Microsoft Basic Render Driver' (Feature Level 11_0)
[2018.01.13-19.06.06:711][  0]LogD3D11RHI:       0/0/8161 MB DedicatedVideo/DedicatedSystem/SharedSystem, Outputs:0, VendorId:0x1414
[2018.01.13-19.06.06:711][  0]LogD3D11RHI: Chosen D3D11 Adapter: 0
[2018.01.13-19.06.06:715][  0]LogD3D11RHI: Creating new Direct3DDevice
[2018.01.13-19.06.06:715][  0]LogD3D11RHI:     GPU DeviceId: 0x1c03 (for the marketing name, search the web for "GPU Device Id")
[2018.01.13-19.06.06:715][  0]LogWindows: EnumDisplayDevices:
[2018.01.13-19.06.06:715][  0]LogWindows:    0. 'NVIDIA GeForce GTX 1060 6GB' (P:1 D:1)
[2018.01.13-19.06.06:715][  0]LogWindows:    1. 'NVIDIA GeForce GTX 1060 6GB' (P:0 D:0)
[2018.01.13-19.06.06:715][  0]LogWindows:    2. 'NVIDIA GeForce GTX 1060 6GB' (P:0 D:0)
[2018.01.13-19.06.06:715][  0]LogWindows:    3. 'NVIDIA GeForce GTX 1060 6GB' (P:0 D:0)
[2018.01.13-19.06.06:715][  0]LogWindows: DebugString: GetVideoDriverDetailsInvalid PrimaryIsNotTheChoosenAdapter GetVideoDriverDetailsInvalid PrimaryIsNotTheChoosenAdapter GetVideoDriverDetailsInvalid PrimaryIsNotTheChoosenAdapter GetVideoDriverDetailsInvalid PrimaryIsNotTheChoosenAdapter FoundDriverCount:0 
[2018.01.13-19.06.06:715][  0]LogD3D11RHI:     Adapter Name: NVIDIA GeForce GTX 1060 6GB
[2018.01.13-19.06.06:715][  0]LogD3D11RHI:   Driver Version: Unknown (internal:Unknown, unified:Unknown)
[2018.01.13-19.06.06:715][  0]LogD3D11RHI:      Driver Date: Unknown
[2018.01.13-19.06.06:715][  0]LogRHI: Texture pool is 1361 MB (70% of 1945 MB)
[2018.01.13-19.06.06:733][  0]LogD3D11RHI: Async texture creation enabled
[2018.01.13-19.06.06:742][  0]LogD3D11RHI: GPU Timing Frequency: 1000.000000 (Debug: 2 1)
[2018.01.13-19.06.06:789][  0]LogShaderCompilers: Guid format shader working directory is -8 characters bigger than the processId version (../../../../../Documents/Unreal Projects/WallDefender/Intermediate/Shaders/WorkingDirectory/13200/).
[2018.01.13-19.06.06:789][  0]LogShaderCompilers: Cleaned the shader compiler working directory 'C:/Users/Lopez/AppData/Local/Temp/UnrealShaderWorkingDir/5385C3CF41177EB1C935779943D698C7/'.
[2018.01.13-19.06.06:789][  0]LogShaderCompilers:Display: Using Local Shader Compiler.
[2018.01.13-19.06.07:549][  0]LogTemp:Display: Loaded TP AllDesktopTargetPlatform
[2018.01.13-19.06.07:578][  0]LogTemp:Display: Loaded TP MacClientTargetPlatform
[2018.01.13-19.06.07:607][  0]LogTemp:Display: Loaded TP MacNoEditorTargetPlatform
[2018.01.13-19.06.07:637][  0]LogTemp:Display: Loaded TP MacServerTargetPlatform
[2018.01.13-19.06.07:668][  0]LogTemp:Display: Loaded TP MacTargetPlatform
[2018.01.13-19.06.07:697][  0]LogTemp:Display: Loaded TP WindowsClientTargetPlatform
[2018.01.13-19.06.07:726][  0]LogTemp:Display: Loaded TP WindowsNoEditorTargetPlatform
[2018.01.13-19.06.07:758][  0]LogTemp:Display: Loaded TP WindowsServerTargetPlatform
[2018.01.13-19.06.07:784][  0]LogTemp:Display: Loaded TP WindowsTargetPlatform
[2018.01.13-19.06.07:813][  0]LogTemp:Display: Loaded TP AndroidTargetPlatform
[2018.01.13-19.06.07:841][  0]LogTemp:Display: Loaded TP Android_ASTCTargetPlatform
[2018.01.13-19.06.07:870][  0]LogTemp:Display: Loaded TP Android_ATCTargetPlatform
[2018.01.13-19.06.07:898][  0]LogTemp:Display: Loaded TP Android_DXTTargetPlatform
[2018.01.13-19.06.07:926][  0]LogTemp:Display: Loaded TP Android_ETC1TargetPlatform
[2018.01.13-19.06.07:955][  0]LogTemp:Display: Loaded TP Android_ETC2TargetPlatform
[2018.01.13-19.06.08:011][  0]LogTemp:Display: Loaded TP Android_MultiTargetPlatform
[2018.01.13-19.06.08:011][  0]LogTemp:Display: Loaded TP Android_PVRTCTargetPlatform
[2018.01.13-19.06.08:029][  0]LogTemp:Display: Loaded TP HTML5TargetPlatform
[2018.01.13-19.06.08:091][  0]LogTemp:Display: Loaded TP IOSTargetPlatform
[2018.01.13-19.06.08:109][  0]LogTemp:Display: Loaded TP TVOSTargetPlatform
[2018.01.13-19.06.08:138][  0]LogTemp:Display: Loaded TP LinuxClientTargetPlatform
[2018.01.13-19.06.08:166][  0]LogTemp:Display: Loaded TP LinuxNoEditorTargetPlatform
[2018.01.13-19.06.08:194][  0]LogTemp:Display: Loaded TP LinuxServerTargetPlatform
[2018.01.13-19.06.08:222][  0]LogTemp:Display: Loaded TP LinuxTargetPlatform
[2018.01.13-19.06.08:223][  0]LogTargetPlatformManager:Display: Building Assets For Windows
[2018.01.13-19.06.08:430][  0]LogDerivedDataCache:Display: Max Cache Size: 512 MB
[2018.01.13-19.06.08:464][  0]LogDerivedDataCache: Loaded boot cache 0.03s 50MB C:/Users/Lopez/AppData/Local/UnrealEngine/4.15/DerivedDataCache/Boot.ddc.
[2018.01.13-19.06.08:464][  0]LogDerivedDataCache:Display: Loaded Boot cache: C:/Users/Lopez/AppData/Local/UnrealEngine/4.15/DerivedDataCache/Boot.ddc
[2018.01.13-19.06.08:464][  0]LogDerivedDataCache: FDerivedDataBackendGraph:  Pak pak cache file ../../../../../Documents/Unreal Projects/WallDefender/DerivedDataCache/DDC.ddp not found, will not use a pak cache.
[2018.01.13-19.06.08:464][  0]LogDerivedDataCache: Unable to find inner node Pak for hierarchical cache Hierarchy.
[2018.01.13-19.06.08:464][  0]LogDerivedDataCache: FDerivedDataBackendGraph:  CompressedPak pak cache file ../../../../../Documents/Unreal Projects/WallDefender/DerivedDataCache/Compressed.ddp not found, will not use a pak cache.
[2018.01.13-19.06.08:464][  0]LogDerivedDataCache: Unable to find inner node CompressedPak for hierarchical cache Hierarchy.
[2018.01.13-19.06.08:476][  0]LogDerivedDataCache:Display: Pak cache opened for reading ../../../Engine/DerivedDataCache/Compressed.ddp.
[2018.01.13-19.06.08:488][  0]LogDerivedDataCache: Using Local data cache path C:/Users/Lopez/AppData/Local/UnrealEngine/Common/DerivedDataCache: Writable
[2018.01.13-19.06.08:494][  0]LogSlate: Using Freetype 2.6.0
[2018.01.13-19.06.08:494][  0]LogSlate: SlateFontCache - WITH_FREETYPE: 1, WITH_HARFBUZZ: 1
[2018.01.13-19.06.08:494][  0]LogSlate: SlateFontCache - WITH_FREETYPE: 1, WITH_HARFBUZZ: 1
[2018.01.13-19.06.08:670][  0]LogInit: Selected Device Profile: [Windows]
[2018.01.13-19.06.08:673][  0]LogContentStreaming: Texture pool size is 0.00 MB
[2018.01.13-19.06.08:794][  0]LogMeshUtilities: Using QuadricMeshReduction for automatic static mesh reduction
[2018.01.13-19.06.08:815][  0]LogSimplygon: Simplygon DLL not present - disabling.
[2018.01.13-19.06.08:837][  0]LogMeshUtilities: Using SimplygonSwarm for distributed automatic mesh merging
[2018.01.13-19.06.08:837][  0]LogMeshUtilities: No automatic skeletal mesh reduction module available
[2018.01.13-19.06.08:837][  0]LogMeshUtilities: No automatic mesh merging module available
[2018.01.13-19.06.09:126][  0]LogNetVersion: GetLocalNetworkVersion: CL: 3299760, ProjectName: walldefender, ProjectVersion: , EngineNetworkVersion: 2, GameNetworkVersion: 0, NetworkChecksum: 3090263743
[2018.01.13-19.06.09:159][  0]LogAssetRegistry: FAssetRegistry took 0.0217 seconds to start up
[2018.01.13-19.06.09:189][  0]LogPackageLocalizationCache: Processed 3 localized package path(s) for 2 prioritized culture(s) in 0.019386 seconds
[2018.01.13-19.06.09:193][  0]LogUObjectArray: 32493 objects as part of root set at end of initial load.
[2018.01.13-19.06.09:193][  0]LogUObjectAllocator: 7077032 out of 0 bytes used by permanent object pool.
[2018.01.13-19.06.09:193][  0]LogUObjectArray: CloseDisregardForGC: 0/0 objects in disregard for GC pool
[2018.01.13-19.06.09:222][  0]LogInit: WinSock: version 1.1 (2.2), MaxSocks=32767, MaxUdp=65467
[2018.01.13-19.06.10:113][  0]LogTcpMessaging: Initializing TcpMessaging bridge
[2018.01.13-19.06.10:152][  0]LogUdpMessaging: Initializing bridge on interface 0.0.0.0:0 to multicast group 230.0.0.1:6666.
[2018.01.13-19.06.10:404][  0]LogMaterial: Uniform references updated for custom material expression Custom.
[2018.01.13-19.06.10:596][  0]SourceControl: Info Source control is disabled
[2018.01.13-19.06.10:596][  0]SourceControl: Info Source control is disabled
[2018.01.13-19.06.10:618][  0]SourceControl: Info Source control is disabled
[2018.01.13-19.06.10:639][  0]SourceControl: Info Source control is disabled
[2018.01.13-19.06.10:777][  0]LogLinker:Warning: Can't find file '/Game/TopDownBP/TopDownOverview'
[2018.01.13-19.06.10:777][  0]LogLinker:Warning: Can't find file '/Game/TopDownBP/TopDownOverview'
[2018.01.13-19.06.10:777][  0]LogUObjectGlobals:Warning: Failed to find object 'Class /Game/TopDownBP/TopDownOverview.TopDownOverview_C'
[2018.01.13-19.06.11:239][  0]LogEngine: Initializing Engine...
[2018.01.13-19.06.11:239][  0]LogHMD: Failed to initialize OpenVR with code 110
[2018.01.13-19.06.11:308][  0]LogStats: UGameplayTagsManager::ConstructGameplayTagTree: Construct from data asset -  0.000 s
[2018.01.13-19.06.11:308][  0]LogStats: UGameplayTagsManager::ConstructGameplayTagTree: GameplayTagTreeChangedEvent.Broadcast -  0.000 s
[2018.01.13-19.06.11:366][  0]LogAIModule: Creating AISystem for world Untitled
[2018.01.13-19.06.11:375][  0]LogInit: XAudio2 using 'GN276HL-4 (NVIDIA High Definition Audio)' : 2 channels at 48 kHz using 16 bits per sample (channel mask 0x3)
[2018.01.13-19.06.11:390][  0]LogInit: FAudioDevice initialized.
[2018.01.13-19.06.11:408][  0]LogDerivedDataCache: Saved boot cache 0.02s 50MB C:/Users/Lopez/AppData/Local/UnrealEngine/4.15/DerivedDataCache/Boot.ddc.
[2018.01.13-19.06.11:415][  0]LogInit: Texture streaming: Enabled
[2018.01.13-19.06.11:457][  0]LogEngineSessionManager: EngineSessionManager initialized
[2018.01.13-19.06.11:508][  0]LogInit: Transaction tracking system initialized
[2018.01.13-19.06.11:670][  0]BlueprintLog: New page: Editor Load
[2018.01.13-19.06.12:145][  0]LocalizationService: Info Localization service is disabled
[2018.01.13-19.06.12:498][  0]LogConsoleResponse:Display: 
[2018.01.13-19.06.12:569][  0]LogFileCache: Scanning file cache for directory 'D:/Documents/Unreal Projects/WallDefender/Content/' took 0.01s
[2018.01.13-19.06.12:569][  0]LogCook:Display: Max memory allowance for cook 16384mb min free memory 0mb
[2018.01.13-19.06.12:569][  0]LogCook:Display: Mobile HDR setting 1
[2018.01.13-19.06.13:045][  0]SourceControl: Info Source control is disabled
[2018.01.13-19.06.13:045][  0]Cmd: MAP LOAD FILE="../../../Engine/Content/Maps/Templates/Template_Default.umap" TEMPLATE=1 SHOWPROGRESS=1 FEATURELEVEL=3
[2018.01.13-19.06.13:045][  0]LightingResults: New page: Lighting Build
[2018.01.13-19.06.13:064][  0]MapCheck: New page: Map Check
[2018.01.13-19.06.13:064][  0]LightingResults: New page: Lighting Build
[2018.01.13-19.06.13:189][  0]LogAIModule: Creating AISystem for world Untitled_1
[2018.01.13-19.06.13:199][  0]LogActorComponent: RegisterComponentWithWorld: (/Temp/Untitled_1.Untitled_1:PersistentLevel.WorldSettings_1.StaticMeshComponent0) Trying to register component with IsPendingKill() == true. Aborting.
[2018.01.13-19.06.13:202][  0]LogEditorServer: Finished looking for orphan Actors (0.000 secs)
[2018.01.13-19.06.13:204][  0]Cmd: MAP CHECKDEP NOCLEARLOG
[2018.01.13-19.06.13:224][  0]MapCheck: Info Map check complete: 0 Error(s), 0 Warning(s), took 19.85ms to complete.
[2018.01.13-19.06.13:224][  0]LogFileHelpers: Loading map 'Template_Default' took 0.179
[2018.01.13-19.06.13:349][  0]LogCollectionManager: Loaded 0 collections in 0.000470 seconds
[2018.01.13-19.06.13:404][  0]LogFileCache: Scanning file cache for directory 'D:/Documents/Unreal Projects/WallDefender/Saved/Collections/' took 0.01s
[2018.01.13-19.06.13:404][  0]LogFileCache: Scanning file cache for directory 'D:/Documents/Unreal Projects/WallDefender/Content/Developers/Lopez/Collections/' took 0.01s
[2018.01.13-19.06.13:404][  0]LogFileCache: Scanning file cache for directory 'D:/Documents/Unreal Projects/WallDefender/Content/Collections/' took 0.01s
[2018.01.13-19.06.13:404][  0]LogCollectionManager: Rebuilt the GUID cache for 0 collections in 0.000001 seconds
[2018.01.13-19.06.13:410][  0]LogContentBrowser: Native class hierarchy populated in 0.0059 seconds. Added 2245 classes and 453 folders.
[2018.01.13-19.06.13:440][  0]LogContentBrowser: Native class hierarchy updated for 'WidgetCarousel' in 0.0003 seconds. Added 0 classes and 0 folders.
[2018.01.13-19.06.13:462][  0]LogContentBrowser: Native class hierarchy updated for 'AddContentDialog' in 0.0003 seconds. Added 0 classes and 0 folders.
[2018.01.13-19.06.13:484][  0]LogContentBrowser: Native class hierarchy updated for 'SceneOutliner' in 0.0003 seconds. Added 1 classes and 2 folders.
[2018.01.13-19.06.13:509][  0]LogContentBrowser: Native class hierarchy updated for 'WorldBrowser' in 0.0003 seconds. Added 1 classes and 3 folders.
[2018.01.13-19.06.13:571][  0]LogCrashTracker: Crashtracker disabled due to settings.
[2018.01.13-19.06.13:575][  0]LogUObjectGlobals:Warning: Failed to find object 'Class None.'
[2018.01.13-19.06.13:617][  0]LogContentBrowser: Native class hierarchy updated for 'HierarchicalLODOutliner' in 0.0003 seconds. Added 1 classes and 2 folders.
[2018.01.13-19.06.13:617][  0]LogLoad: (Engine Initialization) Total time: 8.99 seconds
[2018.01.13-19.06.13:617][  0]LogLoad: (Engine Initialization) Total Blueprint compile time: 0.05 seconds
[2018.01.13-19.06.13:617][  0]LogExternalProfiler: Found external profiler: VSPerf
[2018.01.13-19.06.13:618][  0]LogExternalProfiler: Using external profiler: VSPerf
[2018.01.13-19.06.13:626][  0]LogWindowsTextInputMethodSystem:Display: IME system now deactivated.
[2018.01.13-19.06.13:627][  0]LogOcInput: OculusInput pre-init called
[2018.01.13-19.06.13:644][  0]LogAssetRegistry: Asset discovery search completed in 4.5059 seconds
[2018.01.13-19.06.13:644][  0]LogCollectionManager: Rebuilt the object cache for 0 collections in 0.000004 seconds (found 0 objects)
[2018.01.13-19.06.13:644][  0]LogCollectionManager: Fixed up redirectors for 0 collections in 0.000016 seconds (updated 0 objects)
[2018.01.13-19.06.13:647][  0]LogContentStreaming: Texture pool size now 1000 MB
[2018.01.13-19.06.13:653][  0]LogSlate: Took 0.000107 seconds to synchronously load lazily loaded font '../../../Engine/Content/Slate/Fonts/Roboto-Regular.ttf' (155K)
[2018.01.13-19.06.13:655][  0]LogSlate: Took 0.000109 seconds to synchronously load lazily loaded font '../../../Engine/Content/Slate/Fonts/Roboto-Bold.ttf' (160K)
[2018.01.13-19.06.13:658][  0]LogSlate: Took 0.000099 seconds to synchronously load lazily loaded font '../../../Engine/Content/Editor/Slate/Fonts/FontAwesome.ttf' (139K)
[2018.01.13-19.06.13:777][  0]LogRenderer: Reallocating scene render targets to support 1208x576 NumSamples 1 (Frame:2).
[2018.01.13-19.09.49:024][525]SourceControl: Info On branch master
[2018.01.13-19.09.49:024][525]SourceControl: Info Changes not staged for commit:
[2018.01.13-19.09.49:024][525]SourceControl: Info   (use "git add <file>..." to update what will be committed)
[2018.01.13-19.09.49:024][525]SourceControl: Info   (use "git checkout -- <file>..." to discard changes in working directory)
[2018.01.13-19.09.49:024][525]SourceControl: Info 	modified:   Saved/Logs/WallDefender.log
[2018.01.13-19.09.49:024][525]SourceControl: Info Untracked files:
[2018.01.13-19.09.49:024][525]SourceControl: Info   (use "git add <file>..." to include in what will be committed)
[2018.01.13-19.09.49:024][525]SourceControl: Info 	.gitignore
[2018.01.13-19.09.49:024][525]SourceControl: Info no changes added to commit (use "git add" and/or "git commit -a")
[2018.01.13-19.09.59:498][273]LogSlate: Took 0.000112 seconds to synchronously load lazily loaded font '../../../Engine/Content/Editor/Slate/Fonts/DroidSansMono.ttf' (77K)
[2018.01.13-19.18.32:746][548]LogSlate: Took 0.000128 seconds to synchronously load lazily loaded font '../../../Engine/Content/Slate/Fonts/Roboto-Light.ttf' (159K)
[2018.01.13-19.18.32:773][548]LogSlate: Took 0.000124 seconds to synchronously load lazily loaded font '../../../Engine/Content/Editor/Slate/Fonts/Roboto-BoldCondensed.ttf' (158K)
[2018.01.13-19.18.52:480][872]Running D:/Program Files/UE_4.15/Engine/Binaries/DotNET/UnrealBuildTool.exe  -projectfiles -project="D:/Documents/Unreal Projects/WallDefender/WallDefender.uproject" -game -rocket -progress
[2018.01.13-19.18.52:827][872]Discovering modules, targets and source code for project...
[2018.01.13-19.18.54:032][872]LogSlate: Took 0.000122 seconds to synchronously load lazily loaded font '../../../Engine/Content/Slate/Fonts/Roboto-Regular.ttf' (155K)
[2018.01.13-19.18.55:000][872]LogHotReload: Recompiling module WallDefender...
[2018.01.13-19.18.55:006][872]LogVSAccessor:Warning: Couldn't access Visual Studio
[2018.01.13-19.18.55:012][872]Recompiling WallDefender...
[2018.01.13-19.18.55:012][872]Launching UnrealBuildTool... [D:/Program Files/UE_4.15/Engine/Binaries/DotNET/UnrealBuildTool.exe WallDefender -Module WallDefender Win64 Development -editorrecompile -canskiplink "D:/Documents/Unreal Projects/WallDefender/WallDefender.uproject" ]
[2018.01.13-19.19.26:538][872]Performing full C++ include scan (hot reloading a new target)
Compiling game modules for hot reload
Parsing headers for WallDefenderEditor
  Running UnrealHeaderTool "D:\Documents\Unreal Projects\WallDefender\WallDefender.uproject" "D:\Documents\Unreal Projects\WallDefender\Intermediate\Build\Win64\WallDefenderEditor\Development\WallDefenderEditor.uhtmanifest" -LogCmds="loginit warning, logexit warning, logdatabase error" -Unattended -WarningsAsErrors -installed
Reflection code generated for WallDefenderEditor in 2.0915135 seconds
Performing 8 actions (4 in parallel)
[2/8] Resource ModuleVersionResource.rc.inl
[3/8] Resource PCLaunch.rc
PCH.WallDefender.cpp
PlayerDefenderCharacter.cpp
WallDefender.cpp
WallDefender.generated.cpp
[7/8] Link UE4Editor-WallDefender.dll
[8/8] Link UE4Editor-WallDefender.lib
   Creating library D:\Documents\Unreal Projects\WallDefender\Intermediate\Build\Win64\UE4Editor\Development\UE4Editor-WallDefender.lib and object D:\Documents\Unreal Projects\WallDefender\Intermediate\Build\Win64\UE4Editor\Development\UE4Editor-WallDefender.exp
   Creating library D:\Documents\Unreal Projects\WallDefender\Intermediate\Build\Win64\UE4Editor\Development\UE4Editor-WallDefender.suppressed.lib and object D:\Documents\Unreal Projects\WallDefender\Intermediate\Build\Win64\UE4Editor\Development\UE4Editor-WallDefender.suppressed.exp
Total build time: 31.26 seconds (Local executor: 27.56 seconds)

[2018.01.13-19.19.26:539][872]CompilerResultsLog: New page: Compilation - Jan 13, 2018, 9:19:26 AM
[2018.01.13-19.19.26:539][872]CompilerResultsLog: Info Performing full C++ include scan (hot reloading a new target)
[2018.01.13-19.19.26:539][872]CompilerResultsLog: Info Compiling game modules for hot reload
[2018.01.13-19.19.26:539][872]CompilerResultsLog: Info Parsing headers for WallDefenderEditor
[2018.01.13-19.19.26:539][872]CompilerResultsLog: Info   Running UnrealHeaderTool "D:\Documents\Unreal Projects\WallDefender\WallDefender.uproject" "D:\Documents\Unreal Projects\WallDefender\Intermediate\Build\Win64\WallDefenderEditor\Development\WallDefenderEditor.uhtmanifest" -LogCmds="loginit warning, logexit warning, logdatabase error" -Unattended -WarningsAsErrors -installed
[2018.01.13-19.19.26:539][872]CompilerResultsLog: Info Reflection code generated for WallDefenderEditor in 2.0915135 seconds
[2018.01.13-19.19.26:540][872]CompilerResultsLog: Info Performing 8 actions (4 in parallel)
[2018.01.13-19.19.26:540][872]CompilerResultsLog: Info [2/8] Resource ModuleVersionResource.rc.inl
[2018.01.13-19.19.26:540][872]CompilerResultsLog: Info [3/8] Resource PCLaunch.rc
[2018.01.13-19.19.26:540][872]CompilerResultsLog: Info PCH.WallDefender.cpp
[2018.01.13-19.19.26:540][872]CompilerResultsLog: Info PlayerDefenderCharacter.cpp
[2018.01.13-19.19.26:540][872]CompilerResultsLog: Info WallDefender.cpp
[2018.01.13-19.19.26:540][872]CompilerResultsLog: Info WallDefender.generated.cpp
[2018.01.13-19.19.26:540][872]CompilerResultsLog: Info [7/8] Link UE4Editor-WallDefender.dll
[2018.01.13-19.19.26:540][872]CompilerResultsLog: Info [8/8] Link UE4Editor-WallDefender.lib
[2018.01.13-19.19.26:540][872]CompilerResultsLog: Info    Creating library D:\Documents\Unreal Projects\WallDefender\Intermediate\Build\Win64\UE4Editor\Development\UE4Editor-WallDefender.lib and object D:\Documents\Unreal Projects\WallDefender\Intermediate\Build\Win64\UE4Editor\Development\UE4Editor-WallDefender.exp
[2018.01.13-19.19.26:541][872]CompilerResultsLog: Info    Creating library D:\Documents\Unreal Projects\WallDefender\Intermediate\Build\Win64\UE4Editor\Development\UE4Editor-WallDefender.suppressed.lib and object D:\Documents\Unreal Projects\WallDefender\Intermediate\Build\Win64\UE4Editor\Development\UE4Editor-WallDefender.suppressed.exp
[2018.01.13-19.19.26:541][872]CompilerResultsLog: Info Total build time: 31.26 seconds (Local executor: 27.56 seconds)
[2018.01.13-19.19.26:541][872]LogMainFrame: MainFrame: Module compiling took 31.535 seconds
[2018.01.13-19.19.26:541][872]Reloading module WallDefender after successful compile.
[2018.01.13-19.19.26:571][872]LogContentBrowser: Native class hierarchy updated for 'WallDefender' in 0.0007 seconds. Added 1 classes and 2 folders.
[2018.01.13-19.19.26:579][872]LogContentBrowser: Native class hierarchy populated in 0.0062 seconds. Added 2249 classes and 462 folders.
[2018.01.13-19.19.32:386][879]LogVSAccessor:Warning: Couldn't goto line number '0' in 'D:/Documents/Unreal Projects/WallDefender/Source/WallDefender/PlayerDefenderCharacter.h'
[2018.01.13-19.19.32:429][879]LogVSAccessor:Warning: Couldn't goto line number '0' in 'D:/Documents/Unreal Projects/WallDefender/Source/WallDefender/PlayerDefenderCharacter.cpp'
[2018.01.13-19.20.44:950][ 73]LogHotReload: New module detected: UE4Editor-WallDefender-7989.dll
[2018.01.13-19.20.45:632][ 76]LogHotReload: Starting Hot-Reload from IDE
[2018.01.13-19.20.45:726][ 76]LogContentBrowser: Native class hierarchy updated for 'WallDefender' in 0.0011 seconds. Added 1 classes and 2 folders.
[2018.01.13-19.20.45:728][ 76]Display: HotReload successful (0 functions remapped  0 scriptstructs remapped)
[2018.01.13-19.20.45:792][ 76]LogContentBrowser: Native class hierarchy populated in 0.0104 seconds. Added 2249 classes and 462 folders.
[2018.01.13-19.20.45:795][ 76]Display: HotReload took  0.2s.
[2018.01.13-19.50.51:401][295]Cmd: QUIT_EDITOR
[2018.01.13-19.50.51:429][295]LogWindowsTextInputMethodSystem:Display: IME system now deactivated.
[2018.01.13-19.50.51:448][295]LogExit: Preparing to exit.
[2018.01.13-19.50.51:754][295]LogDirectoryWatcher: A directory notification for 'D:/Documents/Unreal Projects/WallDefender/Content/' was aborted.
[2018.01.13-19.50.51:764][295]LogExit: Editor shut down
[2018.01.13-19.50.51:764][295]LogExit: Transaction tracking system shut down
[2018.01.13-19.50.51:800][295]LogObj: Freed 0b from 0 cluster array pools.
[2018.01.13-19.50.51:800][295]LogExit: Object subsystem successfully closed.
[2018.01.13-19.50.51:812][295]LogD3D11RHI: Shutdown
[2018.01.13-19.50.51:812][295]LogD3D11RHI: CleanupD3DDevice
[2018.01.13-19.50.51:841][295]LogD3D11RHI: ~FD3D11DynamicRHI
[2018.01.13-19.50.51:848][295]LogModuleManager: Shutting down and abandoning module WallDefender (503)
[2018.01.13-19.50.51:848][295]LogModuleManager: Shutting down and abandoning module HierarchicalLODOutliner (500)
[2018.01.13-19.50.51:848][295]LogModuleManager: Shutting down and abandoning module CrashTracker (498)
[2018.01.13-19.50.51:848][295]LogModuleManager: Shutting down and abandoning module WorldBrowser (496)
[2018.01.13-19.50.51:848][295]LogModuleManager: Shutting down and abandoning module SceneOutliner (494)
[2018.01.13-19.50.51:848][295]LogModuleManager: Shutting down and abandoning module AddContentDialog (492)
[2018.01.13-19.50.51:848][295]LogDirectoryWatcher: A directory notification for 'D:/Program Files/UE_4.15/FeaturePacks/' was aborted.
[2018.01.13-19.50.51:848][295]LogModuleManager: Shutting down and abandoning module WidgetCarousel (491)
[2018.01.13-19.50.51:848][295]LogModuleManager: Shutting down and abandoning module EditorWidgets (488)
[2018.01.13-19.50.51:848][295]LogModuleManager: Shutting down and abandoning module CollectionManager (486)
[2018.01.13-19.50.51:849][295]LogDirectoryWatcher: A directory notification for 'D:/Documents/Unreal Projects/WallDefender/Content/Collections/' was aborted.
[2018.01.13-19.50.51:849][295]LogDirectoryWatcher: A directory notification for 'D:/Documents/Unreal Projects/WallDefender/Content/Developers/Lopez/Collections/' was aborted.
[2018.01.13-19.50.51:849][295]LogDirectoryWatcher: A directory notification for 'D:/Documents/Unreal Projects/WallDefender/Saved/Collections/' was aborted.
[2018.01.13-19.50.51:849][295]LogModuleManager: Shutting down and abandoning module StatsViewer (484)
[2018.01.13-19.50.51:849][295]LogModuleManager: Shutting down and abandoning module FoliageEdit (482)
[2018.01.13-19.50.51:849][295]LogModuleManager: Shutting down and abandoning module LandscapeEditor (480)
[2018.01.13-19.50.51:849][295]LogModuleManager: Shutting down and abandoning module SceneDepthPickerMode (478)
[2018.01.13-19.50.51:849][295]LogModuleManager: Shutting down and abandoning module ActorPickerMode (476)
[2018.01.13-19.50.51:849][295]LogModuleManager: Shutting down and abandoning module GeometryMode (474)
[2018.01.13-19.50.51:849][295]LogModuleManager: Shutting down and abandoning module TextureAlignMode (472)
[2018.01.13-19.50.51:849][295]LogModuleManager: Shutting down and abandoning module BspMode (470)
[2018.01.13-19.50.51:849][295]LogModuleManager: Shutting down and abandoning module HardwareSurvey (468)
[2018.01.13-19.50.51:849][295]LogModuleManager: Shutting down and abandoning module SequenceRecorderSections (466)
[2018.01.13-19.50.51:849][295]LogModuleManager: Shutting down and abandoning module AutomationWorker (464)
[2018.01.13-19.50.51:849][295]LogModuleManager: Shutting down and abandoning module MatineeToLevelSequence (462)
[2018.01.13-19.50.51:849][295]LogModuleManager: Shutting down and abandoning module LevelSequenceEditor (460)
[2018.01.13-19.50.51:849][295]LogModuleManager: Shutting down and abandoning module PlacementMode (459)
[2018.01.13-19.50.51:849][295]LogModuleManager: Shutting down and abandoning module WmfMediaFactory (456)
[2018.01.13-19.50.51:849][295]LogModuleManager: Shutting down and abandoning module WmfMediaEditor (454)
[2018.01.13-19.50.51:849][295]LogModuleManager: Shutting down and abandoning module MfMediaFactory (452)
[2018.01.13-19.50.51:849][295]LogModuleManager: Shutting down and abandoning module MfMediaEditor (450)
[2018.01.13-19.50.51:849][295]LogModuleManager: Shutting down and abandoning module AvfMediaFactory (448)
[2018.01.13-19.50.51:849][295]LogModuleManager: Shutting down and abandoning module AvfMediaEditor (446)
[2018.01.13-19.50.51:849][295]LogModuleManager: Shutting down and abandoning module AndroidMediaFactory (444)
[2018.01.13-19.50.51:849][295]LogModuleManager: Shutting down and abandoning module Media (443)
[2018.01.13-19.50.51:849][295]LogModuleManager: Shutting down and abandoning module AndroidMediaEditor (440)
[2018.01.13-19.50.51:849][295]LogModuleManager: Shutting down and abandoning module CharacterAI (438)
[2018.01.13-19.50.51:849][295]LogModuleManager: Shutting down and abandoning module AudioCapture (436)
[2018.01.13-19.50.51:849][295]LogModuleManager: Shutting down and abandoning module SequenceRecorder (435)
[2018.01.13-19.50.51:849][295]LogModuleManager: Shutting down and abandoning module SmartSnapping (432)
[2018.01.13-19.50.51:849][295]LogModuleManager: Shutting down and abandoning module SessionServices (430)
[2018.01.13-19.50.51:849][295]LogModuleManager: Shutting down and abandoning module ViewportSnapping (428)
[2018.01.13-19.50.51:849][295]LogModuleManager: Shutting down and abandoning module ViewportInteraction (426)
[2018.01.13-19.50.51:849][295]LogModuleManager: Shutting down and abandoning module LogVisualizer (424)
[2018.01.13-19.50.51:849][295]LogModuleManager: Shutting down and abandoning module IntroTutorials (422)
[2018.01.13-19.50.51:849][295]LogModuleManager: Shutting down and abandoning module GameProjectGeneration (421)
[2018.01.13-19.50.51:849][295]LogModuleManager: Shutting down and abandoning module EditorLiveStreaming (418)
[2018.01.13-19.50.51:849][295]LogModuleManager: Shutting down and abandoning module IOSPlatformEditor (416)
[2018.01.13-19.50.51:849][295]LogModuleManager: Shutting down and abandoning module HTML5PlatformEditor (414)
[2018.01.13-19.50.51:849][295]LogModuleManager: Shutting down and abandoning module AndroidPlatformEditor (412)
[2018.01.13-19.50.51:849][295]LogModuleManager: Shutting down and abandoning module AndroidDeviceDetection (411)
[2018.01.13-19.50.52:394][295]LogModuleManager: Shutting down and abandoning module IOSRuntimeSettings (408)
[2018.01.13-19.50.52:394][295]LogModuleManager: Shutting down and abandoning module AndroidRuntimeSettings (406)
[2018.01.13-19.50.52:394][295]LogModuleManager: Shutting down and abandoning module InputBindingEditor (404)
[2018.01.13-19.50.52:394][295]LogModuleManager: Shutting down and abandoning module NiagaraEditor (402)
[2018.01.13-19.50.52:394][295]LogModuleManager: Shutting down and abandoning module MergeActors (400)
[2018.01.13-19.50.52:394][295]LogModuleManager: Shutting down and abandoning module SizeMap (398)
[2018.01.13-19.50.52:394][295]LogModuleManager: Shutting down and abandoning module TreeMap (396)
[2018.01.13-19.50.52:394][295]LogModuleManager: Shutting down and abandoning module ReferenceViewer (394)
[2018.01.13-19.50.52:394][295]LogModuleManager: Shutting down and abandoning module LocalizationDashboard (392)
[2018.01.13-19.50.52:394][295]LogModuleManager: Shutting down and abandoning module LocalizationService (391)
[2018.01.13-19.50.52:394][295]LogModuleManager: Shutting down and abandoning module HardwareTargeting (388)
[2018.01.13-19.50.52:394][295]LogModuleManager: Shutting down and abandoning module DeviceProfileEditor (386)
[2018.01.13-19.50.52:394][295]LogModuleManager: Shutting down and abandoning module UndoHistory (384)
[2018.01.13-19.50.52:394][295]LogModuleManager: Shutting down and abandoning module UserFeedback (382)
[2018.01.13-19.50.52:394][295]LogModuleManager: Shutting down and abandoning module XmlParser (380)
[2018.01.13-19.50.52:394][295]LogModuleManager: Shutting down and abandoning module Blutility (378)
[2018.01.13-19.50.52:394][295]LogModuleManager: Shutting down and abandoning module ProjectSettingsViewer (376)
[2018.01.13-19.50.52:394][295]LogModuleManager: Shutting down and abandoning module ProjectTargetPlatformEditor (375)
[2018.01.13-19.50.52:394][295]LogModuleManager: Shutting down and abandoning module EditorSettingsViewer (372)
[2018.01.13-19.50.52:394][295]LogModuleManager: Shutting down and abandoning module SettingsEditor (370)
[2018.01.13-19.50.52:394][295]LogModuleManager: Shutting down and abandoning module ProjectLauncher (368)
[2018.01.13-19.50.52:394][295]LogModuleManager: Shutting down and abandoning module SessionFrontend (366)
[2018.01.13-19.50.52:394][295]LogModuleManager: Shutting down and abandoning module ProfilerClient (364)
[2018.01.13-19.50.52:394][295]LogModuleManager: Shutting down and abandoning module DeviceManager (362)
[2018.01.13-19.50.52:394][295]LogModuleManager: Shutting down and abandoning module TargetDeviceServices (361)
[2018.01.13-19.50.52:435][295]LogModuleManager: Shutting down and abandoning module AutomationController (358)
[2018.01.13-19.50.52:435][295]LogModuleManager: Shutting down and abandoning module AutomationWindow (356)
[2018.01.13-19.50.52:435][295]LogModuleManager: Shutting down and abandoning module Layers (354)
[2018.01.13-19.50.52:435][295]LogModuleManager: Shutting down and abandoning module ComponentVisualizers (352)
[2018.01.13-19.50.52:435][295]LogModuleManager: Shutting down and abandoning module DetailCustomizations (350)
[2018.01.13-19.50.52:435][295]LogModuleManager: Shutting down and abandoning module PackagesDialog (348)
[2018.01.13-19.50.52:435][295]LogModuleManager: Shutting down and abandoning module Persona (346)
[2018.01.13-19.50.52:435][295]LogModuleManager: Shutting down and abandoning module AnimGraph (345)
[2018.01.13-19.50.52:435][295]LogModuleManager: Shutting down and abandoning module Kismet (342)
[2018.01.13-19.50.52:435][295]LogModuleManager: Shutting down and abandoning module GraphEditor (340)
[2018.01.13-19.50.52:435][295]LogModuleManager: Shutting down and abandoning module ClassViewer (338)
[2018.01.13-19.50.52:436][295]LogModuleManager: Shutting down and abandoning module Toolbox (336)
[2018.01.13-19.50.52:436][295]LogModuleManager: Shutting down and abandoning module ModuleUI (334)
[2018.01.13-19.50.52:436][295]LogModuleManager: Shutting down and abandoning module MovieSceneTools (332)
[2018.01.13-19.50.52:436][295]LogModuleManager: Shutting down and abandoning module OutputLog (330)
[2018.01.13-19.50.52:436][295]LogModuleManager: Shutting down and abandoning module GammaUI (328)
[2018.01.13-19.50.52:436][295]LogModuleManager: Shutting down and abandoning module Documentation (326)
[2018.01.13-19.50.52:436][295]LogModuleManager: Shutting down and abandoning module Niagara (324)
[2018.01.13-19.50.52:436][295]LogModuleManager: Shutting down and abandoning module StreamingPauseRendering (322)
[2018.01.13-19.50.52:436][295]LogModuleManager: Shutting down and abandoning module AnalyticsET (320)
[2018.01.13-19.50.52:436][295]LogModuleManager: Shutting down and abandoning module PortalServices (318)
[2018.01.13-19.50.52:436][295]LogModuleManager: Shutting down and abandoning module PortalRpc (316)
[2018.01.13-19.50.52:436][295]LogModuleManager: Shutting down and abandoning module MessagingRpc (314)
[2018.01.13-19.50.52:436][295]LogModuleManager: Shutting down and abandoning module AIModule (312)
[2018.01.13-19.50.52:436][295]LogModuleManager: Shutting down and abandoning module GameplayDebugger (311)
[2018.01.13-19.50.52:436][295]LogModuleManager: Shutting down and abandoning module AITestSuite (309)
[2018.01.13-19.50.52:436][295]LogModuleManager: Shutting down and abandoning module ProfilerService (306)
[2018.01.13-19.50.52:672][295]LogModuleManager: Shutting down and abandoning module TaskGraph (304)
[2018.01.13-19.50.52:672][295]LogModuleManager: Shutting down and abandoning module SteamVRController (302)
[2018.01.13-19.50.52:672][295]LogModuleManager: Shutting down and abandoning module SteamVR (300)
[2018.01.13-19.50.52:672][295]LogModuleManager: Shutting down and abandoning module ProceduralMeshComponentEditor (298)
[2018.01.13-19.50.52:672][295]LogModuleManager: Shutting down and abandoning module ProceduralMeshComponent (296)
[2018.01.13-19.50.52:672][295]LogModuleManager: Shutting down and abandoning module OculusLibrary (294)
[2018.01.13-19.50.52:672][295]LogModuleManager: Shutting down and abandoning module OculusInput (292)
[2018.01.13-19.50.52:672][295]LogModuleManager: Shutting down and abandoning module MobilePatchingUtils (290)
[2018.01.13-19.50.52:672][295]LogModuleManager: Shutting down and abandoning module CustomMeshComponent (288)
[2018.01.13-19.50.52:672][295]LogModuleManager: Shutting down and abandoning module CableComponent (286)
[2018.01.13-19.50.52:672][295]LogModuleManager: Shutting down and abandoning module ArchVisCharacter (284)
[2018.01.13-19.50.52:672][295]LogModuleManager: Shutting down and abandoning module MediaPlayerEditor (280)
[2018.01.13-19.50.52:672][295]LogModuleManager: Shutting down and abandoning module HTML5Networking (278)
[2018.01.13-19.50.52:672][295]LogModuleManager: Shutting down and abandoning module AlembicImporter (276)
[2018.01.13-19.50.52:672][295]LogModuleManager: Shutting down and abandoning module AlembicLibrary (275)
[2018.01.13-19.50.52:672][295]LogModuleManager: Shutting down and abandoning module GeometryCache (274)
[2018.01.13-19.50.52:672][295]LogModuleManager: Shutting down and abandoning module GeometryCacheEd (273)
[2018.01.13-19.50.52:672][295]LogModuleManager: Shutting down and abandoning module SuperSearchEditor (268)
[2018.01.13-19.50.52:672][295]LogModuleManager: Shutting down and abandoning module SuperSearch (267)
[2018.01.13-19.50.52:672][295]LogModuleManager: Shutting down and abandoning module SpeedTreeImporter (264)
[2018.01.13-19.50.52:672][295]LogModuleManager: Shutting down and abandoning module PluginBrowser (262)
[2018.01.13-19.50.52:672][295]LogModuleManager: Shutting down and abandoning module MobileLauncherProfileWizard (260)
[2018.01.13-19.50.52:672][295]LogModuleManager: Shutting down and abandoning module EpicSurvey (258)
[2018.01.13-19.50.52:672][295]LogModuleManager: Shutting down and abandoning module VisualStudioSourceCodeAccess (256)
[2018.01.13-19.50.52:672][295]LogModuleManager: Shutting down and abandoning module DesktopPlatform (255)
[2018.01.13-19.50.52:672][295]LogModuleManager: Shutting down and abandoning module UObjectPlugin (252)
[2018.01.13-19.50.52:672][295]LogModuleManager: Shutting down and abandoning module SubversionSourceControl (250)
[2018.01.13-19.50.52:672][295]LogModuleManager: Shutting down and abandoning module PerforceSourceControl (248)
[2018.01.13-19.50.52:672][295]LogModuleManager: Shutting down and abandoning module GitSourceControl (246)
[2018.01.13-19.50.52:672][295]LogModuleManager: Shutting down and abandoning module SourceControl (245)
[2018.01.13-19.50.52:672][295]LogModuleManager: Shutting down and abandoning module LightPropagationVolumeEditor (242)
[2018.01.13-19.50.52:672][295]LogModuleManager: Shutting down and abandoning module PaperTiledImporter (240)
[2018.01.13-19.50.52:672][295]LogModuleManager: Shutting down and abandoning module PaperSpriteSheetImporter (238)
[2018.01.13-19.50.52:672][295]LogModuleManager: Shutting down and abandoning module Paper2DEditor (236)
[2018.01.13-19.50.52:672][295]LogModuleManager: Shutting down and abandoning module MeshPaint (235)
[2018.01.13-19.50.52:672][295]LogModuleManager: Shutting down and abandoning module LevelEditor (233)
[2018.01.13-19.50.52:673][295]LogModuleManager: Shutting down and abandoning module PixelInspectorModule (232)
[2018.01.13-19.50.52:673][295]LogModuleManager: Shutting down and abandoning module MainFrame (230)
[2018.01.13-19.50.52:673][295]LogModuleManager: Shutting down and abandoning module HotReload (229)
[2018.01.13-19.50.52:673][295]LogDirectoryWatcher: A directory notification for 'D:/Documents/Unreal Projects/WallDefender/Binaries/Win64' was aborted.
[2018.01.13-19.50.52:673][295]LogModuleManager: Shutting down and abandoning module ContentBrowser (225)
[2018.01.13-19.50.52:674][295]LogModuleManager: Shutting down and abandoning module PhysXVehiclesEditor (222)
[2018.01.13-19.50.52:674][295]LogModuleManager: Shutting down and abandoning module PhysXVehicles (220)
[2018.01.13-19.50.52:674][295]LogModuleManager: Shutting down and abandoning module LocationServicesBPLibrary (218)
[2018.01.13-19.50.52:674][295]LogModuleManager: Shutting down and abandoning module UdpMessaging (216)
[2018.01.13-19.50.52:775][295]LogModuleManager: Shutting down and abandoning module TcpMessaging (214)
[2018.01.13-19.50.52:875][295]LogModuleManager: Shutting down and abandoning module GameplayTagsEditor (212)
[2018.01.13-19.50.52:875][295]LogModuleManager: Shutting down and abandoning module FacialAnimationEditor (210)
[2018.01.13-19.50.52:875][295]LogModuleManager: Shutting down and abandoning module FacialAnimation (208)
[2018.01.13-19.50.52:875][295]LogModuleManager: Shutting down and abandoning module LightPropagationVolumeRuntime (206)
[2018.01.13-19.50.52:875][295]LogModuleManager: Shutting down and abandoning module Paper2D (204)
[2018.01.13-19.50.52:875][295]LogModuleManager: Shutting down and abandoning module WindowsMoviePlayer (202)
[2018.01.13-19.50.52:875][295]LogModuleManager: Shutting down and abandoning module WmfMedia (200)
[2018.01.13-19.50.52:876][295]LogModuleManager: Shutting down and abandoning module MfMedia (198)
[2018.01.13-19.50.52:876][295]LogModuleManager: Shutting down and abandoning module MediaAssets (196)
[2018.01.13-19.50.52:876][295]LogModuleManager: Shutting down and abandoning module GameLiveStreaming (194)
[2018.01.13-19.50.52:876][295]LogModuleManager: Shutting down and abandoning module VREditor (192)
[2018.01.13-19.50.52:876][295]LogModuleManager: Shutting down and abandoning module GameplayTasksEditor (190)
[2018.01.13-19.50.52:876][295]LogModuleManager: Shutting down and abandoning module BehaviorTreeEditor (188)
[2018.01.13-19.50.52:876][295]LogModuleManager: Shutting down and abandoning module FunctionalTesting (186)
[2018.01.13-19.50.52:876][295]LogModuleManager: Shutting down and abandoning module CollisionAnalyzer (184)
[2018.01.13-19.50.52:876][295]LogModuleManager: Shutting down and abandoning module UMG (182)
[2018.01.13-19.50.52:876][295]LogModuleManager: Shutting down and abandoning module UMGEditor (181)
[2018.01.13-19.50.52:876][295]LogModuleManager: Shutting down and abandoning module Sequencer (180)
[2018.01.13-19.50.52:876][295]LogModuleManager: Shutting down and abandoning module AssetTools (178)
[2018.01.13-19.50.52:876][295]LogModuleManager: Shutting down and abandoning module MessageLog (177)
[2018.01.13-19.50.52:876][295]LogModuleManager: Shutting down and abandoning module WorkspaceMenuStructure (176)
[2018.01.13-19.50.52:876][295]LogModuleManager: Shutting down and abandoning module SlateReflector (170)
[2018.01.13-19.50.52:876][295]LogModuleManager: Shutting down and abandoning module Slate (168)
[2018.01.13-19.50.52:876][295]LogModuleManager: Shutting down and abandoning module EditorStyle (166)
[2018.01.13-19.50.52:877][295]LogModuleManager: Shutting down and abandoning module SourceCodeAccess (164)
[2018.01.13-19.50.52:877][295]LogModuleManager: Shutting down and abandoning module HeadMountedDisplay (162)
[2018.01.13-19.50.52:877][295]LogModuleManager: Shutting down and abandoning module XAudio2 (160)
[2018.01.13-19.50.52:877][295]LogModuleManager: Shutting down and abandoning module Networking (158)
[2018.01.13-19.50.52:877][295]LogModuleManager: Shutting down and abandoning module Core (154)
[2018.01.13-19.50.52:877][295]LogModuleManager: Shutting down and abandoning module AssetRegistry (152)
[2018.01.13-19.50.52:989][295]LogDirectoryWatcher: A directory notification for '../../../Engine/Content/' was aborted.
[2018.01.13-19.50.52:989][295]LogDirectoryWatcher: A directory notification for '../../../../../Documents/Unreal Projects/WallDefender/Content/' was aborted.
[2018.01.13-19.50.52:989][295]LogDirectoryWatcher: A directory notification for '../../../Engine/Plugins/2D/Paper2D/Content/' was aborted.
[2018.01.13-19.50.52:990][295]LogModuleManager: Shutting down and abandoning module DirectoryWatcher (151)
[2018.01.13-19.50.52:990][295]LogModuleManager: Shutting down and abandoning module KismetCompiler (148)
[2018.01.13-19.50.52:990][295]LogModuleManager: Shutting down and abandoning module PhysXFormats (146)
[2018.01.13-19.50.52:990][295]LogModuleManager: Shutting down and abandoning module MeshUtilities (144)
[2018.01.13-19.50.52:990][295]LogModuleManager: Shutting down and abandoning module SimplygonSwarm (143)
[2018.01.13-19.50.52:990][295]LogModuleManager: Shutting down and abandoning module SimplygonMeshReduction (141)
[2018.01.13-19.50.52:990][295]LogModuleManager: Shutting down and abandoning module QuadricMeshReduction (139)
[2018.01.13-19.50.52:990][295]LogModuleManager: Shutting down and abandoning module PropertyEditor (137)
[2018.01.13-19.50.52:990][295]LogModuleManager: Shutting down and abandoning module DerivedDataCache (134)
[2018.01.13-19.50.53:071][295]LogDerivedDataCache: Shutdown
[2018.01.13-19.50.53:071][295]LogModuleManager: Shutting down and abandoning module TargetPlatform (132)
[2018.01.13-19.50.53:071][295]LogModuleManager: Shutting down and abandoning module VulkanShaderFormat (131)
[2018.01.13-19.50.53:071][295]LogModuleManager: Shutting down and abandoning module ShaderFormatOpenGL (129)
[2018.01.13-19.50.53:071][295]LogModuleManager: Shutting down and abandoning module ShaderFormatD3D (127)
[2018.01.13-19.50.53:071][295]LogModuleManager: Shutting down and abandoning module MetalShaderFormat (125)
[2018.01.13-19.50.53:071][295]LogModuleManager: Shutting down and abandoning module TextureFormatUncompressed (123)
[2018.01.13-19.50.53:071][295]LogModuleManager: Shutting down and abandoning module TextureFormatPVR (121)
[2018.01.13-19.50.53:071][295]LogModuleManager: Shutting down and abandoning module TextureFormatDXT (119)
[2018.01.13-19.50.53:071][295]LogModuleManager: Shutting down and abandoning module TextureFormatIntelISPCTexComp (117)
[2018.01.13-19.50.53:071][295]LogModuleManager: Shutting down and abandoning module TextureFormatASTC (115)
[2018.01.13-19.50.53:071][295]LogModuleManager: Shutting down and abandoning module ImageWrapper (114)
[2018.01.13-19.50.53:071][295]LogModuleManager: Shutting down and abandoning module TextureFormatAndroid (111)
[2018.01.13-19.50.53:071][295]LogModuleManager: Shutting down and abandoning module AudioFormatOpus (109)
[2018.01.13-19.50.53:071][295]LogModuleManager: Shutting down and abandoning module AudioFormatOgg (107)
[2018.01.13-19.50.53:071][295]LogModuleManager: Shutting down and abandoning module AudioFormatADPCM (105)
[2018.01.13-19.50.53:071][295]LogModuleManager: Shutting down and abandoning module LinuxTargetPlatform (103)
[2018.01.13-19.50.53:071][295]LogModuleManager: Shutting down and abandoning module LinuxServerTargetPlatform (101)
[2018.01.13-19.50.53:071][295]LogModuleManager: Shutting down and abandoning module LinuxNoEditorTargetPlatform (99)
[2018.01.13-19.50.53:071][295]LogModuleManager: Shutting down and abandoning module LinuxClientTargetPlatform (97)
[2018.01.13-19.50.53:071][295]LogModuleManager: Shutting down and abandoning module TVOSTargetPlatform (95)
[2018.01.13-19.50.53:071][295]LogModuleManager: Shutting down and abandoning module Messaging (93)
[2018.01.13-19.50.53:071][295]LogModuleManager: Shutting down and abandoning module IOSTargetPlatform (91)
[2018.01.13-19.50.53:071][295]LogModuleManager: Shutting down and abandoning module HTML5TargetPlatform (89)
[2018.01.13-19.50.53:071][295]LogModuleManager: Shutting down and abandoning module Android_PVRTCTargetPlatform (87)
[2018.01.13-19.50.53:071][295]LogModuleManager: Shutting down and abandoning module Android_MultiTargetPlatform (85)
[2018.01.13-19.50.53:071][295]LogModuleManager: Shutting down and abandoning module Android_ETC2TargetPlatform (83)
[2018.01.13-19.50.53:071][295]LogModuleManager: Shutting down and abandoning module Android_ETC1TargetPlatform (81)
[2018.01.13-19.50.53:071][295]LogModuleManager: Shutting down and abandoning module Android_DXTTargetPlatform (79)
[2018.01.13-19.50.53:071][295]LogModuleManager: Shutting down and abandoning module Android_ATCTargetPlatform (77)
[2018.01.13-19.50.53:071][295]LogModuleManager: Shutting down and abandoning module Android_ASTCTargetPlatform (75)
[2018.01.13-19.50.53:071][295]LogModuleManager: Shutting down and abandoning module AndroidTargetPlatform (73)
[2018.01.13-19.50.53:071][295]LogModuleManager: Shutting down and abandoning module WindowsTargetPlatform (71)
[2018.01.13-19.50.53:071][295]LogModuleManager: Shutting down and abandoning module WindowsServerTargetPlatform (69)
[2018.01.13-19.50.53:071][295]LogModuleManager: Shutting down and abandoning module WindowsNoEditorTargetPlatform (67)
[2018.01.13-19.50.53:071][295]LogModuleManager: Shutting down and abandoning module WindowsClientTargetPlatform (65)
[2018.01.13-19.50.53:071][295]LogModuleManager: Shutting down and abandoning module MacTargetPlatform (63)
[2018.01.13-19.50.53:071][295]LogModuleManager: Shutting down and abandoning module MacServerTargetPlatform (61)
[2018.01.13-19.50.53:071][295]LogModuleManager: Shutting down and abandoning module MacNoEditorTargetPlatform (59)
[2018.01.13-19.50.53:071][295]LogModuleManager: Shutting down and abandoning module MacClientTargetPlatform (57)
[2018.01.13-19.50.53:071][295]LogModuleManager: Shutting down and abandoning module AllDesktopTargetPlatform (55)
[2018.01.13-19.50.53:071][295]LogModuleManager: Shutting down and abandoning module InputCore (52)
[2018.01.13-19.50.53:071][295]LogModuleManager: Shutting down and abandoning module Settings (50)
[2018.01.13-19.50.53:071][295]LogModuleManager: Shutting down and abandoning module OculusRift (48)
[2018.01.13-19.50.53:071][295]LogModuleManager: Shutting down and abandoning module GearVR (46)
[2018.01.13-19.50.53:071][295]LogModuleManager: Shutting down and abandoning module ExampleDeviceProfileSelector (44)
[2018.01.13-19.50.53:071][295]LogModuleManager: Shutting down and abandoning module OnlineBlueprintSupport (42)
[2018.01.13-19.50.53:071][295]LogModuleManager: Shutting down and abandoning module OnlineSubsystem (38)
[2018.01.13-19.50.53:071][295]LogOnline:Display: Unloading online subsystem: NULL
[2018.01.13-19.50.53:071][295]LogModuleManager: Shutting down and abandoning module XMPP (37)
[2018.01.13-19.50.53:071][295]LogModuleManager: Shutting down and abandoning module HTTP (35)
[2018.01.13-19.50.53:071][295]LogHttp:Display: Http module shutting down, but needs to wait on 1 outstanding Http requests:
[2018.01.13-19.50.53:071][295]LogHttp:Display: 	verb=[POST] url=[https://datarouter.ol.epicgames.com/datarouter/api/v1/public/data?SessionID=%7B0B625D91-45D6-EC41-6A28-46B28D0E7E66%7D&AppID=UEEditor.Rocket.Release&AppVersion=4.15.3-3450819%2B%2B%2BUE4%2BRelease-4.15&UserID=2bf3111c4114f19c20a7e498f8973e74%7Cb393209f739c4539a0cee41598e28483%7Cc4c8282a-09bb-4453-b424-d2343a554251&AppEnvironment=datacollector-binary&UploadType=eteventstream] status=Processing
[2018.01.13-19.50.53:077][295]LogModuleManager: Shutting down and abandoning module SSL (34)
[2018.01.13-19.50.53:078][295]LogModuleManager: Shutting down and abandoning module AudioEditor (30)
[2018.01.13-19.50.53:078][295]LogModuleManager: Shutting down and abandoning module TextureCompressor (28)
[2018.01.13-19.50.53:078][295]LogModuleManager: Shutting down and abandoning module ShaderCore (26)
[2018.01.13-19.50.53:078][295]LogModuleManager: Shutting down and abandoning module Landscape (24)
[2018.01.13-19.50.53:078][295]LogModuleManager: Shutting down and abandoning module SlateRHIRenderer (22)
[2018.01.13-19.50.53:080][295]LogModuleManager: Shutting down and abandoning module OpenGLDrv (20)
[2018.01.13-19.50.53:080][295]LogModuleManager: Shutting down and abandoning module D3D11RHI (18)
[2018.01.13-19.50.53:080][295]LogModuleManager: Shutting down and abandoning module AnimGraphRuntime (16)
[2018.01.13-19.50.53:080][295]LogModuleManager: Shutting down and abandoning module Renderer (14)
[2018.01.13-19.50.53:080][295]LogModuleManager: Shutting down and abandoning module Engine (12)
[2018.01.13-19.50.53:080][295]LogModuleManager: Shutting down and abandoning module CoreUObject (10)
[2018.01.13-19.50.53:080][295]LogModuleManager: Shutting down and abandoning module NetworkFile (8)
[2018.01.13-19.50.53:080][295]LogModuleManager: Shutting down and abandoning module StreamingFile (6)
[2018.01.13-19.50.53:080][295]LogModuleManager: Shutting down and abandoning module SandboxFile (4)
[2018.01.13-19.50.53:080][295]LogModuleManager: Shutting down and abandoning module PakFile (2)
[2018.01.13-19.50.53:081][295]LogExit: Exiting.
[2018.01.13-19.50.53:088][295]Log file closed, 01/13/18 14:50:53
